{
  "RSpec": {
    "coverage": {
      "/Users/pw/Projects/paynow_ruby/lib/paynow.rb": {
        "lines": [
          null,
          null,
          1,
          1,
          1,
          1,
          1,
          1,
          1
        ]
      },
      "/Users/pw/Projects/paynow_ruby/lib/paynow/configuration.rb": {
        "lines": [
          null,
          null,
          1,
          null,
          1,
          1,
          11,
          null,
          null,
          1,
          22,
          null,
          null,
          1,
          11,
          null,
          null,
          1,
          22,
          null,
          null,
          1,
          11,
          null,
          null,
          1,
          10,
          null,
          null,
          1,
          11,
          null,
          null,
          1,
          10,
          null,
          null,
          1,
          10,
          null,
          null,
          null
        ]
      },
      "/Users/pw/Projects/paynow_ruby/lib/paynow/paynow_client.rb": {
        "lines": [
          null,
          null,
          1,
          null,
          1,
          null,
          1,
          1,
          null,
          1,
          11,
          null,
          null,
          1,
          11,
          null,
          null,
          1,
          11,
          null,
          11,
          null,
          null,
          1,
          null,
          1,
          null,
          11,
          null,
          null,
          null,
          null,
          null,
          null,
          null,
          null,
          1,
          22,
          null,
          null,
          1,
          11,
          null,
          null,
          1,
          11,
          null,
          null,
          1,
          11,
          null,
          null,
          1,
          11,
          null,
          null,
          1,
          11,
          null,
          null,
          null
        ]
      },
      "/Users/pw/Projects/paynow_ruby/lib/paynow/digest.rb": {
        "lines": [
          null,
          null,
          1,
          null,
          1,
          null,
          1,
          1,
          null,
          1,
          14,
          null,
          null,
          1,
          14,
          null,
          null,
          1,
          14,
          null,
          13,
          null,
          13,
          null,
          null,
          1,
          null,
          1,
          13,
          null,
          null,
          null
        ]
      },
      "/Users/pw/Projects/paynow_ruby/lib/paynow/payment.rb": {
        "lines": [
          null,
          null,
          1,
          null,
          1,
          1,
          null,
          null,
          null,
          null,
          null,
          null,
          null,
          null,
          1,
          10,
          null,
          null,
          1,
          10,
          10,
          10,
          10,
          10,
          10,
          10,
          10,
          null,
          null,
          null
        ]
      },
      "/Users/pw/Projects/paynow_ruby/lib/paynow/idempotency_key_builder.rb": {
        "lines": [
          null,
          null,
          1,
          null,
          1,
          null,
          1,
          1,
          11,
          null,
          null,
          1,
          11,
          null,
          null,
          null
        ]
      },
      "/Users/pw/Projects/paynow_ruby/lib/paynow/request_builder.rb": {
        "lines": [
          null,
          null,
          1,
          1,
          null,
          1,
          null,
          1,
          1,
          null,
          1,
          23,
          null,
          null,
          1,
          23,
          null,
          null,
          1,
          23,
          null,
          null,
          1,
          null,
          1,
          23,
          89,
          23,
          23,
          null,
          0,
          null,
          null,
          null,
          null,
          null,
          null
        ]
      },
      "/Users/pw/Projects/paynow_ruby/lib/paynow/gateway.rb": {
        "lines": [
          null,
          null,
          1,
          null,
          1,
          1,
          null,
          1,
          10,
          null,
          null,
          1,
          10,
          null,
          null,
          1,
          10,
          null,
          10,
          null,
          10,
          null,
          null,
          null,
          null,
          null,
          null,
          null,
          null,
          null,
          null,
          null,
          1,
          null,
          1,
          10,
          null,
          null,
          1,
          10,
          null,
          null,
          null
        ]
      },
      "/Users/pw/Projects/paynow_ruby/spec/paynow/digest_spec.rb": {
        "lines": [
          null,
          null,
          1,
          1,
          3,
          null,
          null,
          null,
          null,
          1,
          2,
          null,
          1,
          1,
          1,
          null,
          null,
          null,
          1,
          2,
          null,
          1,
          1,
          1,
          null,
          null,
          null,
          1,
          2,
          null,
          1,
          1,
          1,
          null,
          null,
          null
        ]
      },
      "/Users/pw/Projects/paynow_ruby/spec/paynow/payment_spec.rb": {
        "lines": [
          null,
          null,
          1,
          1,
          11,
          4,
          2,
          2,
          2,
          11,
          11,
          11,
          11,
          1,
          null,
          10,
          null,
          null,
          null,
          null,
          null,
          null,
          11,
          null,
          1,
          10,
          null,
          null,
          null,
          null,
          1,
          1,
          null,
          1,
          null,
          null,
          1,
          1,
          null,
          1,
          null,
          null,
          1,
          1,
          null,
          1,
          null,
          null,
          1,
          1,
          null,
          1,
          null,
          null,
          1,
          1,
          null,
          1,
          null,
          null,
          1,
          1,
          null,
          1,
          null,
          null,
          1,
          1,
          null,
          1,
          null,
          null,
          1,
          1,
          null,
          1,
          null,
          null,
          1,
          1,
          null,
          1,
          null,
          null,
          1,
          1,
          null,
          1,
          null,
          null,
          null
        ]
      },
      "/Users/pw/Projects/paynow_ruby/spec/paynow/paynow_client_spec.rb": {
        "lines": [
          null,
          null,
          1,
          2,
          2,
          2,
          2,
          2,
          2,
          2,
          2,
          null,
          1,
          null,
          1,
          null,
          null,
          null,
          null,
          null,
          null,
          null,
          null,
          null,
          null,
          null,
          1,
          1,
          null,
          null,
          1,
          2,
          1,
          1,
          null,
          null,
          null,
          null,
          null,
          null,
          null,
          null,
          null,
          null,
          1,
          null,
          null,
          null,
          null,
          null,
          null,
          null,
          null,
          1,
          null,
          null,
          null,
          null,
          null
        ]
      },
      "/Users/pw/Projects/paynow_ruby/spec/paynow/request_builder_spec.rb": {
        "lines": [
          null,
          null,
          1,
          1,
          1,
          2,
          1,
          1,
          null,
          1,
          null,
          1,
          null,
          null,
          null,
          1,
          1,
          null,
          null
        ]
      }
    },
    "timestamp": 1612505285
  }
}
